# JRE version: OpenJDK Runtime Environment (15.0+36) (build 15+36-1562)
# Java VM: OpenJDK 64-Bit Server VM (15+36-1562, mixed mode, tiered, compressed oops, g1 gc, windows-amd64)
GC Precious Log:
 CPUs: 4 total, 4 available
 Memory: 8086M
 Large Page Support: Disabled
 NUMA Support: Disabled
 Compressed Oops: Enabled (32-bit)
 Heap Region Size: 1M
 Heap Min Capacity: 8M
 Heap Initial Capacity: 128M
 Heap Max Capacity: 2022M
 Pre-touch: Disabled
 Parallel Workers: 4
 Concurrent Workers: 1
 Concurrent Refinement Workers: 4
 Periodic GC: Disabled
Heap:
 garbage-first heap   total 83968K, used 48619K [0x0000000081a00000, 0x0000000100000000)
  region size 1024K, 21 young (21504K), 3 survivors (3072K)
 Metaspace       used 67192K, capacity 67909K, committed 68608K, reserved 1107968K
  class space    used 8754K, capacity 8998K, committed 9216K, reserved 1048576K
GC Heap History (20 events):
Event: 6365.420 GC heap before
{Heap before GC invocations=72 (full 3):
 garbage-first heap   total 66560K, used 55311K [0x0000000081a00000, 0x0000000100000000)
  region size 1024K, 22 young (22528K), 1 survivors (1024K)
 Metaspace       used 66518K, capacity 67132K, committed 68352K, reserved 1107968K
  class space    used 8667K, capacity 8932K, committed 9216K, reserved 1048576K
}
Event: 6365.421 GC heap after
{Heap after GC invocations=73 (full 3):
 garbage-first heap   total 66560K, used 33805K [0x0000000081a00000, 0x0000000100000000)
  region size 1024K, 1 young (1024K), 1 survivors (1024K)
 Metaspace       used 66518K, capacity 67132K, committed 68352K, reserved 1107968K
  class space    used 8667K, capacity 8932K, committed 9216K, reserved 1048576K
}
Event: 6427.054 GC heap before
{Heap before GC invocations=73 (full 3):
 garbage-first heap   total 66560K, used 35853K [0x0000000081a00000, 0x0000000100000000)
  region size 1024K, 3 young (3072K), 1 survivors (1024K)
 Metaspace       used 66518K, capacity 67132K, committed 68352K, reserved 1107968K
  class space    used 8667K, capacity 8932K, committed 9216K, reserved 1048576K
}
Event: 6427.058 GC heap after
{Heap after GC invocations=74 (full 3):
 garbage-first heap   total 66560K, used 29599K [0x0000000081a00000, 0x0000000100000000)
  region size 1024K, 1 young (1024K), 1 survivors (1024K)
 Metaspace       used 66518K, capacity 67132K, committed 68352K, reserved 1107968K
  class space    used 8667K, capacity 8932K, committed 9216K, reserved 1048576K
}
Event: 6518.244 GC heap before
{Heap before GC invocations=74 (full 3):
 garbage-first heap   total 66560K, used 54175K [0x0000000081a00000, 0x0000000100000000)
  region size 1024K, 26 young (26624K), 1 survivors (1024K)
 Metaspace       used 66518K, capacity 67132K, committed 68352K, reserved 1107968K
  class space    used 8667K, capacity 8932K, committed 9216K, reserved 1048576K
}
Event: 6518.247 GC heap after
{Heap after GC invocations=75 (full 3):
 garbage-first heap   total 66560K, used 31227K [0x0000000081a00000, 0x0000000100000000)
  region size 1024K, 2 young (2048K), 2 survivors (2048K)
 Metaspace       used 66518K, capacity 67132K, committed 68352K, reserved 1107968K
  class space    used 8667K, capacity 8932K, committed 9216K, reserved 1048576K
}
Event: 6704.029 GC heap before
{Heap before GC invocations=76 (full 3):
 garbage-first heap   total 66560K, used 54779K [0x0000000081a00000, 0x0000000100000000)
  region size 1024K, 26 young (26624K), 2 survivors (2048K)
 Metaspace       used 66518K, capacity 67132K, committed 68352K, reserved 1107968K
  class space    used 8667K, capacity 8932K, committed 9216K, reserved 1048576K
}
Event: 6704.032 GC heap after
{Heap after GC invocations=77 (full 3):
 garbage-first heap   total 66560K, used 31746K [0x0000000081a00000, 0x0000000100000000)
  region size 1024K, 4 young (4096K), 4 survivors (4096K)
 Metaspace       used 66518K, capacity 67132K, committed 68352K, reserved 1107968K
  class space    used 8667K, capacity 8932K, committed 9216K, reserved 1048576K
}
Event: 7388.605 GC heap before
{Heap before GC invocations=77 (full 3):
 garbage-first heap   total 66560K, used 54274K [0x0000000081a00000, 0x0000000100000000)
  region size 1024K, 26 young (26624K), 4 survivors (4096K)
 Metaspace       used 66518K, capacity 67132K, committed 68352K, reserved 1107968K
  class space    used 8667K, capacity 8932K, committed 9216K, reserved 1048576K
}
Event: 7388.606 GC heap after
{Heap after GC invocations=78 (full 3):
 garbage-first heap   total 66560K, used 31976K [0x0000000081a00000, 0x0000000100000000)
  region size 1024K, 2 young (2048K), 2 survivors (2048K)
 Metaspace       used 66518K, capacity 67132K, committed 68352K, reserved 1107968K
  class space    used 8667K, capacity 8932K, committed 9216K, reserved 1048576K
}
Event: 8107.926 GC heap before
{Heap before GC invocations=79 (full 3):
 garbage-first heap   total 66560K, used 55528K [0x0000000081a00000, 0x0000000100000000)
  region size 1024K, 25 young (25600K), 2 survivors (2048K)
 Metaspace       used 66518K, capacity 67132K, committed 68352K, reserved 1107968K
  class space    used 8667K, capacity 8932K, committed 9216K, reserved 1048576K
}
Event: 8107.928 GC heap after
{Heap after GC invocations=80 (full 3):
 garbage-first heap   total 66560K, used 32013K [0x0000000081a00000, 0x0000000100000000)
  region size 1024K, 2 young (2048K), 2 survivors (2048K)
 Metaspace       used 66518K, capacity 67132K, committed 68352K, reserved 1107968K
  class space    used 8667K, capacity 8932K, committed 9216K, reserved 1048576K
}
Event: 8138.456 GC heap before
{Heap before GC invocations=80 (full 3):
 garbage-first heap   total 66560K, used 33037K [0x0000000081a00000, 0x0000000100000000)
  region size 1024K, 3 young (3072K), 2 survivors (2048K)
 Metaspace       used 66518K, capacity 67132K, committed 68352K, reserved 1107968K
  class space    used 8667K, capacity 8932K, committed 9216K, reserved 1048576K
}
Event: 8138.465 GC heap after
{Heap after GC invocations=81 (full 3):
 garbage-first heap   total 66560K, used 29297K [0x0000000081a00000, 0x0000000100000000)
  region size 1024K, 1 young (1024K), 1 survivors (1024K)
 Metaspace       used 66518K, capacity 67132K, committed 68352K, reserved 1107968K
  class space    used 8667K, capacity 8932K, committed 9216K, reserved 1048576K
}
Event: 8295.048 GC heap before
{Heap before GC invocations=81 (full 3):
 garbage-first heap   total 66560K, used 53873K [0x0000000081a00000, 0x0000000100000000)
  region size 1024K, 26 young (26624K), 1 survivors (1024K)
 Metaspace       used 66518K, capacity 67132K, committed 68352K, reserved 1107968K
  class space    used 8667K, capacity 8932K, committed 9216K, reserved 1048576K
}
Event: 8295.087 GC heap after
{Heap after GC invocations=82 (full 3):
 garbage-first heap   total 66560K, used 30920K [0x0000000081a00000, 0x0000000100000000)
  region size 1024K, 2 young (2048K), 2 survivors (2048K)
 Metaspace       used 66518K, capacity 67132K, committed 68352K, reserved 1107968K
  class space    used 8667K, capacity 8932K, committed 9216K, reserved 1048576K
}
Event: 8357.970 GC heap before
{Heap before GC invocations=83 (full 3):
 garbage-first heap   total 66560K, used 53448K [0x0000000081a00000, 0x0000000100000000)
  region size 1024K, 25 young (25600K), 2 survivors (2048K)
 Metaspace       used 66518K, capacity 67132K, committed 68352K, reserved 1107968K
  class space    used 8667K, capacity 8932K, committed 9216K, reserved 1048576K
}
Event: 8358.048 GC heap after
{Heap after GC invocations=84 (full 3):
 garbage-first heap   total 66560K, used 32682K [0x0000000081a00000, 0x0000000100000000)
  region size 1024K, 4 young (4096K), 4 survivors (4096K)
 Metaspace       used 66518K, capacity 67132K, committed 68352K, reserved 1107968K
  class space    used 8667K, capacity 8932K, committed 9216K, reserved 1048576K
}
Event: 8375.734 GC heap before
{Heap before GC invocations=84 (full 3):
 garbage-first heap   total 66560K, used 53162K [0x0000000081a00000, 0x0000000100000000)
  region size 1024K, 25 young (25600K), 4 survivors (4096K)
 Metaspace       used 67192K, capacity 67909K, committed 68608K, reserved 1107968K
  class space    used 8754K, capacity 8998K, committed 9216K, reserved 1048576K
}
Event: 8375.836 GC heap after
{Heap after GC invocations=85 (full 3):
 garbage-first heap   total 66560K, used 33259K [0x0000000081a00000, 0x0000000100000000)
  region size 1024K, 3 young (3072K), 3 survivors (3072K)
 Metaspace       used 67192K, capacity 67909K, committed 68608K, reserved 1107968K
  class space    used 8754K, capacity 8998K, committed 9216K, reserved 1048576K
}

